{
  "stats": {
    "suites": 1,
    "tests": 4,
    "passes": 4,
    "pending": 0,
    "failures": 0,
    "start": "2026-08-22T17:22:03.894Z",
    "end": "2026-08-22T17:22:37.429Z",
    "duration": 33535,
    "testsRegistered": 4,
    "passPercent": 100,
    "pendingPercent": 0,
    "other": 0,
    "hasOther": false,
    "skipped": 0,
    "hasSkipped": false
  },
  "results": [
    {
      "uuid": "de3bc3d5-0014-4bc0-a811-6e56bfc6d315",
      "title": "",
      "fullFile": "/Users/ihromwahyuni/Documents/DigitalSekola/Digital-Skola-Sesi9-IhromWahyuni-/test/login.js",
      "file": "/test/login.js",
      "beforeHooks": [],
      "afterHooks": [],
      "tests": [],
      "suites": [
        {
          "uuid": "f6492b9b-2756-495b-bdf6-8dc3e5ee32b5",
          "title": "SESI:9 [Login][AddUser]",
          "fullFile": "/Users/ihromwahyuni/Documents/DigitalSekola/Digital-Skola-Sesi9-IhromWahyuni-/test/login.js",
          "file": "/test/login.js",
          "beforeHooks": [],
          "afterHooks": [],
          "tests": [
            {
              "title": "Should Success Login",
              "fullTitle": "SESI:9 [Login][AddUser] Should Success Login",
              "timedOut": false,
              "duration": 9600,
              "state": "passed",
              "speed": "slow",
              "pass": true,
              "fail": false,
              "pending": false,
              "context": null,
              "code": "const driver = await getDriver();\nawait driver.get(\"https://belajar-bareng.onrender.com/\");\n//find element\nlet usernameInput = await driver.findElement(\n    By.xpath('//input[@data-testid=\"username-input\"]')\n);\nlet passwordInput = await driver.findElement(\n    By.xpath('//input[@data-testid=\"password-input\"]')\n);\nlet loginButton = await driver.findElement(\n    By.xpath('//button[@data-testid=\"login-button\"]')\n);\n//action\nawait usernameInput.sendKeys(\"admin\");\nawait passwordInput.sendKeys(\"admin\");\nawait loginButton.click();\n//find for Assertion\nlet lockButton = await driver.findElement({id : \"logout-btn\"});\nlet title = await driver.getTitle();\nassert.strictEqual(title, \"User Management\");\nawait lockButton.isDisplayed();",
              "err": {},
              "uuid": "2451b03a-49d9-42ab-b101-93f9dd5aea96",
              "parentUUID": "f6492b9b-2756-495b-bdf6-8dc3e5ee32b5",
              "isHook": false,
              "skipped": false
            },
            {
              "title": "Should Success Add New User",
              "fullTitle": "SESI:9 [Login][AddUser] Should Success Add New User",
              "timedOut": false,
              "duration": 7898,
              "state": "passed",
              "speed": "slow",
              "pass": true,
              "fail": false,
              "pending": false,
              "context": null,
              "code": "//add button, delay to get render id add-button\n        let addButton = await driver.wait(\n            until.elementLocated(\n                By.xpath('//button[@data-testid=\"add-button\"]')\n            ), 5000\n        );\n        //click add button to endpoint /add\n        await addButton.click();\n        //find element page add users\n        let userInput = await driver.findElement(\n            By.xpath('//input[@data-testid=\"username-input\"]')\n        );\n        let ageInput = await driver.findElement(\n            By.xpath('//input[@data-testid=\"age-input\"]')\n        );\n        let submitButton = await driver.findElement(\n            By.xpath('//button[@data-testid=\"submit-button\"]')\n        );\n        \n        //action        \n        await userInput.sendKeys(\"Yuni\");\n        // Delay 1 seconds\n        await new Promise(resolve => setTimeout(resolve, 1000));\n        await ageInput.sendKeys(\"24\");\n        // Delay 1 seconds\n        await new Promise(resolve => setTimeout(resolve, 1000));\n        await submitButton.click();\n        //find for assert\n        // Wait for success toast\n        const successMessage = await driver.wait(\n            until.elementLocated(\n                By.css('[data-testid=\"toast-content\"]')\n            ),\n            5000\n        );\n        const actualMessage = await successMessage.getAttribute(\"textContent\");\n        console.log(\"Toast message:\", actualMessage);\n        assert.ok(\n            actualMessage.includes(\"User successfully added\"),\n            `Expected success message, but got: \"${actualMessage}\"`\n        );\n        // Delay 5 seconds sebelum klik Update\n        await new Promise(resolve => setTimeout(resolve, 5000));",
              "err": {},
              "uuid": "34db4ebb-c2e5-4c46-8178-4241e46090fe",
              "parentUUID": "f6492b9b-2756-495b-bdf6-8dc3e5ee32b5",
              "isHook": false,
              "skipped": false
            },
            {
              "title": "Should Success Delete Data User",
              "fullTitle": "SESI:9 [Login][AddUser] Should Success Delete Data User",
              "timedOut": false,
              "duration": 8772,
              "state": "passed",
              "speed": "slow",
              "pass": true,
              "fail": false,
              "pending": false,
              "context": null,
              "code": "//click Update button to endpoint /delete\nlet deleteButton = await driver.findElement(\n        By.xpath('//button[@data-testid=\"delete-button\"]')\n);\nawait deleteButton.click();\n\n//Select User Data to Delete\nlet searchUserInput = await driver.findElement(\n    By.xpath('//input[@class=\"custom-select-display search-input\"]')\n);\nawait searchUserInput.sendKeys(\"Yunix\");\n//Delay 3 seconds sebelum klik Update\nawait new Promise(resolve => setTimeout(resolve, 3000));\nconst userOption = await driver.wait(\n    until.elementLocated(\n        By.xpath('(//div[@class=\"option\" and normalize-space()=\"Yunix\"])')\n    ),2000\n);\nawait userOption.click();\n//submit delete\nlet submitButton = await driver.findElement(\n    By.xpath('//button[@data-testid=\"delete-button\"]')\n);\nawait submitButton.click();\n// Handle confirmation popup\nconst alert = await driver.switchTo().alert();\nassert.strictEqual(\n    await alert.getText(),\n    \"Are you sure you want to delete this user?\"\n);\n// Click OK\nawait alert.accept();\n// Delay 5 seconds sebelum klik Update\nawait new Promise(resolve => setTimeout(resolve, 5000));\n//find for assert\n// Wait for success toast\nconst successMessage = await driver.wait(\n    until.elementLocated(\n        By.css('[data-testid=\"toast-content\"]')\n    ),\n    5000\n);\nconst actualMessage = (\n        await successMessage.getAttribute(\"textContent\")\n).replace(/\\s+/g, \" \").trim();\nconsole.log(\"Toast message:\", actualMessage);\nassert.strictEqual(\n    actualMessage,\n    'User deleted successfully!',\n    `Expected deleted success message, but got: \"${actualMessage}\"`\n);",
              "err": {},
              "uuid": "45af5d34-344b-4b78-b706-f12221fa7243",
              "parentUUID": "f6492b9b-2756-495b-bdf6-8dc3e5ee32b5",
              "isHook": false,
              "skipped": false
            },
            {
              "title": "Should Success Update Username Data User",
              "fullTitle": "SESI:9 [Login][AddUser] Should Success Update Username Data User",
              "timedOut": false,
              "duration": 7250,
              "state": "passed",
              "speed": "slow",
              "pass": true,
              "fail": false,
              "pending": false,
              "context": null,
              "code": "//click Update button to endpoint /update\nlet updateButton = await driver.findElement(\n        By.xpath('//button[@data-testid=\"update-button\"]')\n);\nawait updateButton.click();\n\n//Select User Data to Update\nlet searchUserInput = await driver.findElement(\n    By.xpath('//input[@class=\"custom-select-display search-input\"]')\n);\nawait searchUserInput.sendKeys(\"Yuni\");\n//Delay 3 seconds sebelum klik Update\nawait new Promise(resolve => setTimeout(resolve, 3000));\nconst userOption = await driver.wait(\n    until.elementLocated(\n        By.xpath('(//div[@class=\"option\" and normalize-space()=\"Yuni\"])[1]')\n    ),2000\n);\nawait userOption.click();\n//Update Username & Age\nlet usernameUpdate = await driver.findElement(\n    By.xpath('//input[@data-testid=\"username-input\"]')\n);\nlet ageUpdate = await driver.findElement(\n    By.xpath('//input[@data-testid=\"age-input\"]')\n);\nlet submitButton = await driver.findElement(\n    By.xpath('//button[@data-testid=\"submit-button\"]')\n);\n//action\nawait usernameUpdate.clear();\nawait usernameUpdate.sendKeys(\"Yunix\");\n// Delay 2 seconds\nawait new Promise(resolve => setTimeout(resolve, 2000));\n\nawait ageUpdate.clear();\nawait ageUpdate.sendKeys(\"25\");\n// Delay 1 seconds\nawait new Promise(resolve => setTimeout(resolve, 1000));\nawait submitButton.click();\n//find for assert\n// Wait for success toast\nconst successMessage = await driver.wait(\n    until.elementLocated(\n        By.css('[data-testid=\"toast-content\"]')\n    ),\n    5000\n);\nconst actualMessage = (\n        await successMessage.getAttribute(\"textContent\")\n).replace(/\\s+/g, \" \").trim();\nconsole.log(\"Toast message:\", actualMessage);\nassert.strictEqual(\n    actualMessage,\n    'User \"Yunix\" updated successfully!',\n    `Expected update success message, but got: \"${actualMessage}\"`\n);",
              "err": {},
              "uuid": "0e524686-b8cf-430a-9481-0797508de9bb",
              "parentUUID": "f6492b9b-2756-495b-bdf6-8dc3e5ee32b5",
              "isHook": false,
              "skipped": false
            }
          ],
          "suites": [],
          "passes": [
            "2451b03a-49d9-42ab-b101-93f9dd5aea96",
            "34db4ebb-c2e5-4c46-8178-4241e46090fe",
            "45af5d34-344b-4b78-b706-f12221fa7243",
            "0e524686-b8cf-430a-9481-0797508de9bb"
          ],
          "failures": [],
          "pending": [],
          "skipped": [],
          "duration": 33520,
          "root": false,
          "rootEmpty": false,
          "_timeout": 20000
        }
      ],
      "passes": [],
      "failures": [],
      "pending": [],
      "skipped": [],
      "duration": 0,
      "root": true,
      "rootEmpty": true,
      "_timeout": 20000
    }
  ],
  "meta": {
    "mocha": {
      "version": "11.8.0"
    },
    "mochawesome": {
      "options": {
        "quiet": false,
        "reportFilename": "mochawesome",
        "saveHtml": true,
        "saveJson": true,
        "consoleReporter": "spec",
        "useInlineDiffs": false,
        "code": true
      },
      "version": "8.0.1"
    },
    "marge": {
      "options": null,
      "version": "6.3.2"
    }
  }
}