{
  "stats": {
    "suites": 1,
    "tests": 2,
    "passes": 2,
    "pending": 0,
    "failures": 0,
    "start": "2026-08-22T14:52:40.539Z",
    "end": "2026-08-22T14:52:51.808Z",
    "duration": 11269,
    "testsRegistered": 2,
    "passPercent": 100,
    "pendingPercent": 0,
    "other": 0,
    "hasOther": false,
    "skipped": 0,
    "hasSkipped": false
  },
  "results": [
    {
      "uuid": "d457027c-cf64-4bf7-847d-90786383f79a",
      "title": "",
      "fullFile": "/Users/ihromwahyuni/Documents/DigitalSekola/Digital-Skola-Sesi9-IhromWahyuni-/test/login.js",
      "file": "/test/login.js",
      "beforeHooks": [],
      "afterHooks": [],
      "tests": [],
      "suites": [
        {
          "uuid": "1abc66de-23a9-45ba-adb1-466aecb57350",
          "title": "SESI:9 [Login][AddUser]",
          "fullFile": "/Users/ihromwahyuni/Documents/DigitalSekola/Digital-Skola-Sesi9-IhromWahyuni-/test/login.js",
          "file": "/test/login.js",
          "beforeHooks": [],
          "afterHooks": [],
          "tests": [
            {
              "title": "Should Success Login",
              "fullTitle": "SESI:9 [Login][AddUser] Should Success Login",
              "timedOut": false,
              "duration": 8903,
              "state": "passed",
              "speed": "slow",
              "pass": true,
              "fail": false,
              "pending": false,
              "context": null,
              "code": "const driver = await getDriver();\nawait driver.get(\"https://belajar-bareng.onrender.com/\");\n//find element\nlet usernameInput = await driver.findElement(\n    By.xpath('//input[@data-testid=\"username-input\"]')\n);\nlet passwordInput = await driver.findElement(\n    By.xpath('//input[@data-testid=\"password-input\"]')\n);\nlet loginButton = await driver.findElement(\n    By.xpath('//button[@data-testid=\"login-button\"]')\n);\n//action\nawait usernameInput.sendKeys(\"admin\");\nawait passwordInput.sendKeys(\"admin\");\nawait loginButton.click();\n//find for Assertion\nlet lockButton = await driver.findElement({id : \"logout-btn\"});\nlet title = await driver.getTitle();\nassert.strictEqual(title, \"User Management\");\nawait lockButton.isDisplayed();",
              "err": {},
              "uuid": "43e73022-1845-4f23-a730-5638272824c1",
              "parentUUID": "1abc66de-23a9-45ba-adb1-466aecb57350",
              "isHook": false,
              "skipped": false
            },
            {
              "title": "Should Success Add New User",
              "fullTitle": "SESI:9 [Login][AddUser] Should Success Add New User",
              "timedOut": false,
              "duration": 2353,
              "state": "passed",
              "speed": "slow",
              "pass": true,
              "fail": false,
              "pending": false,
              "context": null,
              "code": "//add button, delay to get render id add-button\n        let addButton = await driver.wait(\n            until.elementLocated(\n                By.xpath('//button[@data-testid=\"add-button\"]')\n            ), 5000\n        );\n        //click add button to endpoint /add\n        await addButton.click();\n        //find element page add users\n        let userInput = await driver.findElement(\n            By.xpath('//input[@data-testid=\"username-input\"]')\n        );\n        let ageInput = await driver.findElement(\n            By.xpath('//input[@data-testid=\"age-input\"]')\n        );\n        let submitButton = await driver.findElement(\n            By.xpath('//button[@data-testid=\"submit-button\"]')\n        );\n        \n        //action        \n        await userInput.sendKeys(\"Yuni\");\n        await ageInput.sendKeys(\"24\");\n        await submitButton.click();\n        //find for assert\n        // Wait for success toast\n        const successMessage = await driver.wait(\n            until.elementLocated(\n                By.css('[data-testid=\"toast-content\"]')\n            ),\n            5000\n        );\n        const actualMessage = await successMessage.getAttribute(\"textContent\");\n        console.log(\"Toast message:\", actualMessage);\n        assert.ok(\n            actualMessage.includes(\"User successfully added\"),\n            `Expected success message, but got: \"${actualMessage}\"`\n        );\n        \n        \n        await driver.quit();",
              "err": {},
              "uuid": "331ea2bb-0ecb-49c8-b66f-4537002c70de",
              "parentUUID": "1abc66de-23a9-45ba-adb1-466aecb57350",
              "isHook": false,
              "skipped": false
            }
          ],
          "suites": [],
          "passes": [
            "43e73022-1845-4f23-a730-5638272824c1",
            "331ea2bb-0ecb-49c8-b66f-4537002c70de"
          ],
          "failures": [],
          "pending": [],
          "skipped": [],
          "duration": 11256,
          "root": false,
          "rootEmpty": false,
          "_timeout": 20000
        }
      ],
      "passes": [],
      "failures": [],
      "pending": [],
      "skipped": [],
      "duration": 0,
      "root": true,
      "rootEmpty": true,
      "_timeout": 20000
    }
  ],
  "meta": {
    "mocha": {
      "version": "11.8.0"
    },
    "mochawesome": {
      "options": {
        "quiet": false,
        "reportFilename": "mochawesome",
        "saveHtml": true,
        "saveJson": true,
        "consoleReporter": "spec",
        "useInlineDiffs": false,
        "code": true
      },
      "version": "8.0.1"
    },
    "marge": {
      "options": null,
      "version": "6.3.2"
    }
  }
}